
TURNO: 0
 ------- ------- ------- 
|                       |
|   2       0       G   |
|                       |
|                -------|
|               |///////|
|   0       ?   |///////|
|               |///////|
|                -------|
|                       |
|   ?       0       0   |
|                       |
 ------- ------- ------- 

TURNO: 1
 ------- ------- ------- 
|                       |
|   A       G       0   |
|                       |
|                -------|
|               |///////|
|   E       ?   |///////|
|               |///////|
|                -------|
|                       |
|   ?       0       0   |
|                       |
 ------- ------- ------- 

TURNO: 2
Frenchy: Retrato del Dr. Gachet recuperado.
 ------- ------- ------- 
|                       |
|   0       0       0   |
|                       |
|                -------|
|               |///////|
|   A       G   |///////|
|               |///////|
|                -------|
|                       |
|   E       0       0   |
|                       |
 ------- ------- ------- 

TURNO: 3
Frenchy: ¡NO PUEDO! (O)
Butcher: Perímetro NO asegurado.
 ------- ------- ------- 
|                       |
|   0       G       0   |
|                       |
|                -------|
|               |///////|
|   A       ?   |///////|
|               |///////|
|                -------|
|                       |
|   E       0       0   |
|                       |
 ------- ------- ------- 

TURNO: 4
Butcher: Plaza de la concordia recuperado.
 ------- ------- ------- 
|                       |
|   0       0       G   |
|                       |
|                -------|
|               |///////|
|   0       A   |///////|
|               |///////|
|                -------|
|                       |
|   0       E       0   |
|                       |
 ------- ------- ------- 

TURNO: 5
Butcher: Plaza de la concordia requisada.
 ------- ------- ------- 
|                       |
|   0       2       0   |
|                       |
|                -------|
|               |///////|
|   0       0   |///////|
|               |///////|
|                -------|
|                       |
|   0       0       E   |
|                       |
 ------- ------- ------- 

TURNO: 6
Frenchy está en punto de encuentro.
Butcher: ¡Capturado!
 ------- ------- ------- 
|                       |
|   0       A       0   |
|                       |
|                -------|
|               |///////|
|   0       G   |///////|
|               |///////|
|                -------|
|                       |
|   0       0       E   |
|                       |
 ------- ------- ------- 

TURNO: 7
Frenchy está en punto de encuentro.
 ------- ------- ------- 
|                       |
|   A       G       0   |
|                       |
|                -------|
|               |///////|
|   0       0   |///////|
|               |///////|
|                -------|
|                       |
|   0       0       E   |
|                       |
 ------- ------- ------- 

TURNO: 8
Frenchy está en punto de encuentro.
 ------- ------- ------- 
|                       |
|   0       ?       G   |
|                       |
|                -------|
|               |///////|
|   A       0   |///////|
|               |///////|
|                -------|
|                       |
|   0       0       E   |
|                       |
 ------- ------- ------- 

TURNO: 9
Frenchy está en punto de encuentro.
 ------- ------- ------- 
|                       |
|   0       G       0   |
|                       |
|                -------|
|               |///////|
|   0       0   |///////|
|               |///////|
|                -------|
|                       |
|   A       0       E   |
|                       |
 ------- ------- ------- 

TURNO: 10
Frenchy está en punto de encuentro.
 ------- ------- ------- 
|                       |
|   0       ?       0   |
|                       |
|                -------|
|               |///////|
|   0       G   |///////|
|               |///////|
|                -------|
|                       |
|   0       A       E   |
|                       |
 ------- ------- ------- 

TURNO: 11
Frenchy está en punto de encuentro.
 ------- ------- ------- 
|                       |
|   0       G       0   |
|                       |
|                -------|
|               |///////|
|   0       0   |///////|
|               |///////|
|                -------|
|                       |
|   0       0       2   |
|                       |
 ------- ------- ------- 

TURNO: 12
Frenchy está en punto de encuentro.
Butcher está en punto de encuentro.
 ------- ------- ------- 
|                       |
|   0       ?       G   |
|                       |
|                -------|
|               |///////|
|   0       0   |///////|
|               |///////|
|                -------|
|                       |
|   0       0       2   |
|                       |
 ------- ------- ------- 
