
TURNO: 0
 ------- ------- ------- ------- ------- 
|                                       |
|   A       0       0       0       S   |
|                                       |
|------- -------                        |
|///////|///////|                       |
|///////|///////|   ?       0       Z   |
|///////|///////|                       |
|------- -------         ------- -------|
|                       |///////|///////|
|   S       ?       0   |///////|///////|
|                       |///////|///////|
|        -------         ------- -------|
|       |///////|       |///////|///////|
|   0   |///////|   0   |///////|///////|
|       |///////|       |///////|///////|
|        -------         ------- -------|
|       |///////|                       |
|   E   |///////|   0       0       0   |
|       |///////|                       |
 ------- ------- ------- ------- ------- 

TURNO: 1
Fireman: Perímetro NO asegurado.
 ------- ------- ------- ------- ------- 
|                                       |
|   A       0       0       S       ?   |
|                                       |
|------- -------                        |
|///////|///////|                       |
|///////|///////|   ?       0       Z   |
|///////|///////|                       |
|------- -------         ------- -------|
|                       |///////|///////|
|   0       S       0   |///////|///////|
|                       |///////|///////|
|        -------         ------- -------|
|       |///////|       |///////|///////|
|   E   |///////|   0   |///////|///////|
|       |///////|       |///////|///////|
|        -------         ------- -------|
|       |///////|                       |
|   0   |///////|   0       0       0   |
|       |///////|                       |
 ------- ------- ------- ------- ------- 

TURNO: 2
Fireman: Dama con un armiño recuperado.
Frenchy: Disfraz recogido.
Frenchy: ¡ENGAÑADO!
 ------- ------- ------- ------- ------- 
|                                       |
|   A       0       S       0       Z   |
|                                       |
|------- -------                        |
|///////|///////|                       |
|///////|///////|   ?       0       0   |
|///////|///////|                       |
|------- -------         ------- -------|
|                       |///////|///////|
|   2       ?       0   |///////|///////|
|                       |///////|///////|
|        -------         ------- -------|
|       |///////|       |///////|///////|
|   0   |///////|   0   |///////|///////|
|       |///////|       |///////|///////|
|        -------         ------- -------|
|       |///////|                       |
|   0   |///////|   0       0       0   |
|       |///////|                       |
 ------- ------- ------- ------- ------- 

TURNO: 3
Butcher: ¡NO PUEDO! (O)
Frenchy: ¡NO PUEDO! (N)
 ------- ------- ------- ------- ------- 
|                                       |
|   A       0       0       S       0   |
|                                       |
|------- -------                        |
|///////|///////|                       |
|///////|///////|   ?       0       Z   |
|///////|///////|                       |
|------- -------         ------- -------|
|                       |///////|///////|
|   E       S       0   |///////|///////|
|                       |///////|///////|
|        -------         ------- -------|
|       |///////|       |///////|///////|
|   0   |///////|   0   |///////|///////|
|       |///////|       |///////|///////|
|        -------         ------- -------|
|       |///////|                       |
|   0   |///////|   0       0       0   |
|       |///////|                       |
 ------- ------- ------- ------- ------- 

TURNO: 4
Frenchy: La Virgen de Brujas recuperado.
 ------- ------- ------- ------- ------- 
|                                       |
|   0       A       0       0       S   |
|                                       |
|------- -------                        |
|///////|///////|                       |
|///////|///////|   ?       Z       0   |
|///////|///////|                       |
|------- -------         ------- -------|
|                       |///////|///////|
|   S       E       0   |///////|///////|
|                       |///////|///////|
|        -------         ------- -------|
|       |///////|       |///////|///////|
|   0   |///////|   0   |///////|///////|
|       |///////|       |///////|///////|
|        -------         ------- -------|
|       |///////|                       |
|   0   |///////|   0       0       0   |
|       |///////|                       |
 ------- ------- ------- ------- ------- 

TURNO: 5
Fireman: Imposible recuperar El astrónomo
 ------- ------- ------- ------- ------- 
|                                       |
|   0       0       A       S       0   |
|                                       |
|------- -------                        |
|///////|///////|                       |
|///////|///////|   Z       0       0   |
|///////|///////|                       |
|------- -------         ------- -------|
|                       |///////|///////|
|   0       S       E   |///////|///////|
|                       |///////|///////|
|        -------         ------- -------|
|       |///////|       |///////|///////|
|   0   |///////|   0   |///////|///////|
|       |///////|       |///////|///////|
|        -------         ------- -------|
|       |///////|                       |
|   0   |///////|   0       0       0   |
|       |///////|                       |
 ------- ------- ------- ------- ------- 

TURNO: 6
Butcher: El astrónomo recuperado.
 ------- ------- ------- ------- ------- 
|                                       |
|   0       0       S       0       0   |
|                                       |
|------- -------                        |
|///////|///////|                       |
|///////|///////|   A       0       0   |
|///////|///////|                       |
|------- -------         ------- -------|
|                       |///////|///////|
|   S       0       Z   |///////|///////|
|                       |///////|///////|
|        -------         ------- -------|
|       |///////|       |///////|///////|
|   0   |///////|   E   |///////|///////|
|       |///////|       |///////|///////|
|        -------         ------- -------|
|       |///////|                       |
|   0   |///////|   0       0       0   |
|       |///////|                       |
 ------- ------- ------- ------- ------- 

TURNO: 7
 ------- ------- ------- ------- ------- 
|                                       |
|   0       0       0       S       0   |
|                                       |
|------- -------                        |
|///////|///////|                       |
|///////|///////|   0       0       0   |
|///////|///////|                       |
|------- -------         ------- -------|
|                       |///////|///////|
|   0       S       A   |///////|///////|
|                       |///////|///////|
|        -------         ------- -------|
|       |///////|       |///////|///////|
|   0   |///////|   Z   |///////|///////|
|       |///////|       |///////|///////|
|        -------         ------- -------|
|       |///////|                       |
|   0   |///////|   E       0       0   |
|       |///////|                       |
 ------- ------- ------- ------- ------- 

TURNO: 8
Frenchy: ¡NO PUEDO! (S)
 ------- ------- ------- ------- ------- 
|                                       |
|   0       0       0       0       S   |
|                                       |
|------- -------                        |
|///////|///////|                       |
|///////|///////|   0       0       0   |
|///////|///////|                       |
|------- -------         ------- -------|
|                       |///////|///////|
|   S       0       0   |///////|///////|
|                       |///////|///////|
|        -------         ------- -------|
|       |///////|       |///////|///////|
|   0   |///////|   A   |///////|///////|
|       |///////|       |///////|///////|
|        -------         ------- -------|
|       |///////|                       |
|   0   |///////|   2       0       0   |
|       |///////|                       |
 ------- ------- ------- ------- ------- 

TURNO: 9
Butcher: ¡NO PUEDO! (E)
 ------- ------- ------- ------- ------- 
|                                       |
|   0       0       0       S       0   |
|                                       |
|------- -------                        |
|///////|///////|                       |
|///////|///////|   0       0       0   |
|///////|///////|                       |
|------- -------         ------- -------|
|                       |///////|///////|
|   0       S       0   |///////|///////|
|                       |///////|///////|
|        -------         ------- -------|
|       |///////|       |///////|///////|
|   0   |///////|   A   |///////|///////|
|       |///////|       |///////|///////|
|        -------         ------- -------|
|       |///////|                       |
|   0   |///////|   0       2       0   |
|       |///////|                       |
 ------- ------- ------- ------- ------- 

TURNO: 10
 ------- ------- ------- ------- ------- 
|                                       |
|   0       0       S       0       0   |
|                                       |
|------- -------                        |
|///////|///////|                       |
|///////|///////|   0       0       0   |
|///////|///////|                       |
|------- -------         ------- -------|
|                       |///////|///////|
|   S       0       0   |///////|///////|
|                       |///////|///////|
|        -------         ------- -------|
|       |///////|       |///////|///////|
|   0   |///////|   0   |///////|///////|
|       |///////|       |///////|///////|
|        -------         ------- -------|
|       |///////|                       |
|   0   |///////|   A       0       2   |
|       |///////|                       |
 ------- ------- ------- ------- ------- 

TURNO: 11
Fireman está en punto de encuentro.
Frenchy está en punto de encuentro.
 ------- ------- ------- ------- ------- 
|                                       |
|   0       0       0       S       0   |
|                                       |
|------- -------                        |
|///////|///////|                       |
|///////|///////|   0       0       0   |
|///////|///////|                       |
|------- -------         ------- -------|
|                       |///////|///////|
|   0       S       0   |///////|///////|
|                       |///////|///////|
|        -------         ------- -------|
|       |///////|       |///////|///////|
|   0   |///////|   0   |///////|///////|
|       |///////|       |///////|///////|
|        -------         ------- -------|
|       |///////|                       |
|   0   |///////|   0       A       2   |
|       |///////|                       |
 ------- ------- ------- ------- ------- 

TURNO: 12
Fireman está en punto de encuentro.
Frenchy está en punto de encuentro.
 ------- ------- ------- ------- ------- 
|                                       |
|   0       0       0       0       S   |
|                                       |
|------- -------                        |
|///////|///////|                       |
|///////|///////|   0       0       0   |
|///////|///////|                       |
|------- -------         ------- -------|
|                       |///////|///////|
|   S       0       0   |///////|///////|
|                       |///////|///////|
|        -------         ------- -------|
|       |///////|       |///////|///////|
|   0   |///////|   0   |///////|///////|
|       |///////|       |///////|///////|
|        -------         ------- -------|
|       |///////|                       |
|   0   |///////|   0       0       3   |
|       |///////|                       |
 ------- ------- ------- ------- ------- 

TURNO: 13
Butcher está en punto de encuentro.
Fireman está en punto de encuentro.
Frenchy está en punto de encuentro.
 ------- ------- ------- ------- ------- 
|                                       |
|   0       0       0       S       0   |
|                                       |
|------- -------                        |
|///////|///////|                       |
|///////|///////|   0       0       0   |
|///////|///////|                       |
|------- -------         ------- -------|
|                       |///////|///////|
|   0       S       0   |///////|///////|
|                       |///////|///////|
|        -------         ------- -------|
|       |///////|       |///////|///////|
|   0   |///////|   0   |///////|///////|
|       |///////|       |///////|///////|
|        -------         ------- -------|
|       |///////|                       |
|   0   |///////|   0       0       3   |
|       |///////|                       |
 ------- ------- ------- ------- ------- 
