
TURNO: 0
 ------- ------- ------- ------- ------- ------- ------- ------- 
|                                                               |
|   0       A       0       0       0       S       Z       E   |
|                                                               |
|        -------                         ------- ------- -------|
|       |///////|                       |///////|///////|///////|
|   S   |///////|   0       0       0   |///////|///////|///////|
|       |///////|                       |///////|///////|///////|
|        -------                         ------- ------- -------|
|       |///////|                                               |
|   S   |///////|   0       0       0       G       S       S   |
|       |///////|                                               |
|        -------                                                |
|                                                               |
|   G       0       0       G       0       0       0       0   |
|                                                               |
|                -------         ------- ------- -------        |
|               |///////|       |///////|///////|///////|       |
|   0       0   |///////|   0   |///////|///////|///////|   0   |
|               |///////|       |///////|///////|///////|       |
|        ------- -------         ------- ------- -------        |
|       |///////|///////|       |///////|///////|               |
|   0   |///////|///////|   0   |///////|///////|   S       0   |
|       |///////|///////|       |///////|///////|               |
|        ------- -------         ------- -------                |
|                                                               |
|   0       0       0       0       0       0       0       0   |
|                                                               |
|                -------                                        |
|               |///////|                                       |
|   0       S   |///////|   0       0       0       0       0   |
|               |///////|                                       |
 ------- ------- ------- ------- ------- ------- ------- ------- 

TURNO: 1
Fireman: Perímetro NO asegurado.
 ------- ------- ------- ------- ------- ------- ------- ------- 
|                                                               |
|   0       A       0       0       S       0       Z       E   |
|                                                               |
|        -------                         ------- ------- -------|
|       |///////|                       |///////|///////|///////|
|   0   |///////|   0       0       0   |///////|///////|///////|
|       |///////|                       |///////|///////|///////|
|        -------                         ------- ------- -------|
|       |///////|                                               |
|   2   |///////|   0       0       G       S       S       0   |
|       |///////|                                               |
|        -------                                                |
|                                                               |
|   S       0       0       0       0       0       0       0   |
|                                                               |
|                -------         ------- ------- -------        |
|               |///////|       |///////|///////|///////|       |
|   0       0   |///////|   G   |///////|///////|///////|   0   |
|               |///////|       |///////|///////|///////|       |
|        ------- -------         ------- ------- -------        |
|       |///////|///////|       |///////|///////|               |
|   0   |///////|///////|   0   |///////|///////|   0       0   |
|       |///////|///////|       |///////|///////|               |
|        ------- -------         ------- -------                |
|                                                               |
|   0       S       0       0       0       0       S       0   |
|                                                               |
|                -------                                        |
|               |///////|                                       |
|   0       0   |///////|   0       0       0       0       0   |
|               |///////|                                       |
 ------- ------- ------- ------- ------- ------- ------- ------- 

TURNO: 2
 ------- ------- ------- ------- ------- ------- ------- ------- 
|                                                               |
|   0       A       0       0       0       Z       0       E   |
|                                                               |
|        -------                         ------- ------- -------|
|       |///////|                       |///////|///////|///////|
|   G   |///////|   0       0       S   |///////|///////|///////|
|       |///////|                       |///////|///////|///////|
|        -------                         ------- ------- -------|
|       |///////|                                               |
|   S   |///////|   0       G       S       S       0       0   |
|       |///////|                                               |
|        -------                                                |
|                                                               |
|   S       0       0       0       0       0       0       0   |
|                                                               |
|                -------         ------- ------- -------        |
|               |///////|       |///////|///////|///////|       |
|   0       0   |///////|   0   |///////|///////|///////|   0   |
|               |///////|       |///////|///////|///////|       |
|        ------- -------         ------- ------- -------        |
|       |///////|///////|       |///////|///////|               |
|   0   |///////|///////|   G   |///////|///////|   0       0   |
|       |///////|///////|       |///////|///////|               |
|        ------- -------         ------- -------                |
|                                                               |
|   0       0       S       0       0       0       0       S   |
|                                                               |
|                -------                                        |
|               |///////|                                       |
|   0       0   |///////|   0       0       0       0       0   |
|               |///////|                                       |
 ------- ------- ------- ------- ------- ------- ------- ------- 

TURNO: 3
Fireman: ¡NO PUEDO! (S)
 ------- ------- ------- ------- ------- ------- ------- ------- 
|                                                               |
|   G       A       0       0       0       Z       0       E   |
|                                                               |
|        -------                         ------- ------- -------|
|       |///////|                       |///////|///////|///////|
|   S   |///////|   0       0       0   |///////|///////|///////|
|       |///////|                       |///////|///////|///////|
|        -------                         ------- ------- -------|
|       |///////|                                               |
|   S   |///////|   0       S       2       0       0       0   |
|       |///////|                                               |
|        -------                                                |
|                                                               |
|   0       0       0       G       0       0       0       0   |
|                                                               |
|                -------         ------- ------- -------        |
|               |///////|       |///////|///////|///////|       |
|   0       0   |///////|   0   |///////|///////|///////|   0   |
|               |///////|       |///////|///////|///////|       |
|        ------- -------         ------- ------- -------        |
|       |///////|///////|       |///////|///////|               |
|   0   |///////|///////|   0   |///////|///////|   0       S   |
|       |///////|///////|       |///////|///////|               |
|        ------- -------         ------- -------                |
|                                                               |
|   0       0       0       2       0       0       0       0   |
|                                                               |
|                -------                                        |
|               |///////|                                       |
|   0       0   |///////|   0       0       0       0       0   |
|               |///////|                                       |
 ------- ------- ------- ------- ------- ------- ------- ------- 

TURNO: 4
 ------- ------- ------- ------- ------- ------- ------- ------- 
|                                                               |
|   S       0       A       0       Z       0       0       E   |
|                                                               |
|        -------                         ------- ------- -------|
|       |///////|                       |///////|///////|///////|
|   2   |///////|   0       0       0   |///////|///////|///////|
|       |///////|                       |///////|///////|///////|
|        -------                         ------- ------- -------|
|       |///////|                                               |
|   0   |///////|   0       S       0       S       0       0   |
|       |///////|                                               |
|        -------                                                |
|                                                               |
|   0       0       0       S       G       0       0       0   |
|                                                               |
|                -------         ------- ------- -------        |
|               |///////|       |///////|///////|///////|       |
|   0       0   |///////|   0   |///////|///////|///////|   0   |
|               |///////|       |///////|///////|///////|       |
|        ------- -------         ------- ------- -------        |
|       |///////|///////|       |///////|///////|               |
|   0   |///////|///////|   0   |///////|///////|   S       0   |
|       |///////|///////|       |///////|///////|               |
|        ------- -------         ------- -------                |
|                                                               |
|   0       0       0       0       2       0       0       0   |
|                                                               |
|                -------                                        |
|               |///////|                                       |
|   0       0   |///////|   0       0       0       0       0   |
|               |///////|                                       |
 ------- ------- ------- ------- ------- ------- ------- ------- 

TURNO: 5
 ------- ------- ------- ------- ------- ------- ------- ------- 
|                                                               |
|   S       0       0       0       0       0       0       E   |
|                                                               |
|        -------                         ------- ------- -------|
|       |///////|                       |///////|///////|///////|
|   S   |///////|   A       0       Z   |///////|///////|///////|
|       |///////|                       |///////|///////|///////|
|        -------                         ------- ------- -------|
|       |///////|                                               |
|   G   |///////|   0       0       S       0       0       0   |
|       |///////|                                               |
|        -------                                                |
|                                                               |
|   0       0       0       S       S       G       0       0   |
|                                                               |
|                -------         ------- ------- -------        |
|               |///////|       |///////|///////|///////|       |
|   0       0   |///////|   0   |///////|///////|///////|   0   |
|               |///////|       |///////|///////|///////|       |
|        ------- -------         ------- ------- -------        |
|       |///////|///////|       |///////|///////|               |
|   0   |///////|///////|   0   |///////|///////|   0       0   |
|       |///////|///////|       |///////|///////|               |
|        ------- -------         ------- -------                |
|                                                               |
|   0       0       0       0       0       G       S       0   |
|                                                               |
|                -------                                        |
|               |///////|                                       |
|   0       0   |///////|   0       S       0       0       0   |
|               |///////|                                       |
 ------- ------- ------- ------- ------- ------- ------- ------- 

TURNO: 6
 ------- ------- ------- ------- ------- ------- ------- ------- 
|                                                               |
|   0       0       0       0       0       0       0       E   |
|                                                               |
|        -------                         ------- ------- -------|
|       |///////|                       |///////|///////|///////|
|   S   |///////|   0       2       S   |///////|///////|///////|
|       |///////|                       |///////|///////|///////|
|        -------                         ------- ------- -------|
|       |///////|                                               |
|   S   |///////|   0       0       0       0       0       0   |
|       |///////|                                               |
|        -------                                                |
|                                                               |
|   G       0       0       0       S       S       G       0   |
|                                                               |
|                -------         ------- ------- -------        |
|               |///////|       |///////|///////|///////|       |
|   0       0   |///////|   0   |///////|///////|///////|   0   |
|               |///////|       |///////|///////|///////|       |
|        ------- -------         ------- ------- -------        |
|       |///////|///////|       |///////|///////|               |
|   0   |///////|///////|   0   |///////|///////|   0       0   |
|       |///////|///////|       |///////|///////|               |
|        ------- -------         ------- -------                |
|                                                               |
|   0       0       0       0       0       0       G       S   |
|                                                               |
|                -------                                        |
|               |///////|                                       |
|   0       0   |///////|   S       0       0       0       0   |
|               |///////|                                       |
 ------- ------- ------- ------- ------- ------- ------- ------- 

TURNO: 7
Butcher: Perímetro NO asegurado.
 ------- ------- ------- ------- ------- ------- ------- ------- 
|                                                               |
|   0       0       0       0       S       0       0       E   |
|                                                               |
|        -------                         ------- ------- -------|
|       |///////|                       |///////|///////|///////|
|   0   |///////|   0       A       0   |///////|///////|///////|
|       |///////|                       |///////|///////|///////|
|        -------                         ------- ------- -------|
|       |///////|                                               |
|   2   |///////|   0       Z       0       0       0       0   |
|       |///////|                                               |
|        -------                                                |
|                                                               |
|   S       0       0       0       0       S       S       G   |
|                                                               |
|                -------         ------- ------- -------        |
|               |///////|       |///////|///////|///////|       |
|   0       0   |///////|   0   |///////|///////|///////|   0   |
|               |///////|       |///////|///////|///////|       |
|        ------- -------         ------- ------- -------        |
|       |///////|///////|       |///////|///////|               |
|   0   |///////|///////|   0   |///////|///////|   G       S   |
|       |///////|///////|       |///////|///////|               |
|        ------- -------         ------- -------                |
|                                                               |
|   0       0       0       S       0       0       0       0   |
|                                                               |
|                -------                                        |
|               |///////|                                       |
|   0       0   |///////|   0       0       0       0       0   |
|               |///////|                                       |
 ------- ------- ------- ------- ------- ------- ------- ------- 

TURNO: 8
Adolf: ¡NO PUEDO! (N)
 ------- ------- ------- ------- ------- ------- ------- ------- 
|                                                               |
|   0       0       0       0       0       S       E       0   |
|                                                               |
|        -------                         ------- ------- -------|
|       |///////|                       |///////|///////|///////|
|   G   |///////|   0       0       A   |///////|///////|///////|
|       |///////|                       |///////|///////|///////|
|        -------                         ------- ------- -------|
|       |///////|                                               |
|   S   |///////|   0       0       0       0       0       G   |
|       |///////|                                               |
|        -------                                                |
|                                                               |
|   S       0       0       Z       0       0       S       S   |
|                                                               |
|                -------         ------- ------- -------        |
|               |///////|       |///////|///////|///////|       |
|   0       0   |///////|   0   |///////|///////|///////|   0   |
|               |///////|       |///////|///////|///////|       |
|        ------- -------         ------- ------- -------        |
|       |///////|///////|       |///////|///////|               |
|   0   |///////|///////|   0   |///////|///////|   2       0   |
|       |///////|///////|       |///////|///////|               |
|        ------- -------         ------- -------                |
|                                                               |
|   0       0       S       0       0       0       0       0   |
|                                                               |
|                -------                                        |
|               |///////|                                       |
|   0       0   |///////|   0       0       0       0       0   |
|               |///////|                                       |
 ------- ------- ------- ------- ------- ------- ------- ------- 

TURNO: 9
Frenchy: Perímetro NO asegurado.
 ------- ------- ------- ------- ------- ------- ------- ------- 
|                                                               |
|   G       0       0       0       S       0       E       0   |
|                                                               |
|        -------                         ------- ------- -------|
|       |///////|                       |///////|///////|///////|
|   S   |///////|   0       A       0   |///////|///////|///////|
|       |///////|                       |///////|///////|///////|
|        -------                         ------- ------- -------|
|       |///////|                                               |
|   S   |///////|   0       0       0       0       G       S   |
|       |///////|                                               |
|        -------                                                |
|                                                               |
|   0       0       0       0       Z       0       0       S   |
|                                                               |
|                -------         ------- ------- -------        |
|               |///////|       |///////|///////|///////|       |
|   0       0   |///////|   0   |///////|///////|///////|   0   |
|               |///////|       |///////|///////|///////|       |
|        ------- -------         ------- ------- -------        |
|       |///////|///////|       |///////|///////|               |
|   0   |///////|///////|   0   |///////|///////|   0       G   |
|       |///////|///////|       |///////|///////|               |
|        ------- -------         ------- -------                |
|                                                               |
|   0       S       0       0       0       0       S       0   |
|                                                               |
|                -------                                        |
|               |///////|                                       |
|   0       0   |///////|   0       0       0       0       0   |
|               |///////|                                       |
 ------- ------- ------- ------- ------- ------- ------- ------- 

TURNO: 10
 ------- ------- ------- ------- ------- ------- ------- ------- 
|                                                               |
|   S       0       0       0       0       E       0       0   |
|                                                               |
|        -------                         ------- ------- -------|
|       |///////|                       |///////|///////|///////|
|   2   |///////|   A       0       S   |///////|///////|///////|
|       |///////|                       |///////|///////|///////|
|        -------                         ------- ------- -------|
|       |///////|                                               |
|   0   |///////|   0       0       0       G       S       S   |
|       |///////|                                               |
|        -------                                                |
|                                                               |
|   0       0       0       0       0       Z       0       0   |
|                                                               |
|                -------         ------- ------- -------        |
|               |///////|       |///////|///////|///////|       |
|   0       0   |///////|   0   |///////|///////|///////|   G   |
|               |///////|       |///////|///////|///////|       |
|        ------- -------         ------- ------- -------        |
|       |///////|///////|       |///////|///////|               |
|   0   |///////|///////|   0   |///////|///////|   0       0   |
|       |///////|///////|       |///////|///////|               |
|        ------- -------         ------- -------                |
|                                                               |
|   0       0       0       0       0       0       0       S   |
|                                                               |
|                -------                                        |
|               |///////|                                       |
|   0       S   |///////|   0       0       0       0       0   |
|               |///////|                                       |
 ------- ------- ------- ------- ------- ------- ------- ------- 

TURNO: 11
 ------- ------- ------- ------- ------- ------- ------- ------- 
|                                                               |
|   S       0       0       0       E       0       0       0   |
|                                                               |
|        -------                         ------- ------- -------|
|       |///////|                       |///////|///////|///////|
|   S   |///////|   0       0       0   |///////|///////|///////|
|       |///////|                       |///////|///////|///////|
|        -------                         ------- ------- -------|
|       |///////|                                               |
|   G   |///////|   A       0       2       S       S       0   |
|       |///////|                                               |
|        -------                                                |
|                                                               |
|   0       0       0       0       0       0       Z       G   |
|                                                               |
|                -------         ------- ------- -------        |
|               |///////|       |///////|///////|///////|       |
|   0       0   |///////|   0   |///////|///////|///////|   0   |
|               |///////|       |///////|///////|///////|       |
|        ------- -------         ------- ------- -------        |
|       |///////|///////|       |///////|///////|               |
|   0   |///////|///////|   0   |///////|///////|   0       S   |
|       |///////|///////|       |///////|///////|               |
|        ------- -------         ------- -------                |
|                                                               |
|   0       S       0       0       0       0       0       0   |
|                                                               |
|                -------                                        |
|               |///////|                                       |
|   0       0   |///////|   0       0       0       0       0   |
|               |///////|                                       |
 ------- ------- ------- ------- ------- ------- ------- ------- 

TURNO: 12
Fireman: Perímetro NO asegurado.
 ------- ------- ------- ------- ------- ------- ------- ------- 
|                                                               |
|   0       0       0       E       0       0       0       0   |
|                                                               |
|        -------                         ------- ------- -------|
|       |///////|                       |///////|///////|///////|
|   S   |///////|   0       0       0   |///////|///////|///////|
|       |///////|                       |///////|///////|///////|
|        -------                         ------- ------- -------|
|       |///////|                                               |
|   S   |///////|   0       G       S       2       0       0   |
|       |///////|                                               |
|        -------                                                |
|                                                               |
|   G       0       A       0       0       0       2       0   |
|                                                               |
|                -------         ------- ------- -------        |
|               |///////|       |///////|///////|///////|       |
|   0       0   |///////|   0   |///////|///////|///////|   0   |
|               |///////|       |///////|///////|///////|       |
|        ------- -------         ------- ------- -------        |
|       |///////|///////|       |///////|///////|               |
|   0   |///////|///////|   0   |///////|///////|   S       0   |
|       |///////|///////|       |///////|///////|               |
|        ------- -------         ------- -------                |
|                                                               |
|   0       0       S       0       0       0       0       0   |
|                                                               |
|                -------                                        |
|               |///////|                                       |
|   0       0   |///////|   0       0       0       0       0   |
|               |///////|                                       |
 ------- ------- ------- ------- ------- ------- ------- ------- 

TURNO: 13
Fireman: ¡Capturado!
 ------- ------- ------- ------- ------- ------- ------- ------- 
|                                                               |
|   0       0       E       0       0       0       0       0   |
|                                                               |
|        -------                         ------- ------- -------|
|       |///////|                       |///////|///////|///////|
|   0   |///////|   0       0       0   |///////|///////|///////|
|       |///////|                       |///////|///////|///////|
|        -------                         ------- ------- -------|
|       |///////|                                               |
|   2   |///////|   0       S       2       0       0       0   |
|       |///////|                                               |
|        -------                                                |
|                                                               |
|   S       A       0       G       0       G       Z       0   |
|                                                               |
|                -------         ------- ------- -------        |
|               |///////|       |///////|///////|///////|       |
|   0       0   |///////|   0   |///////|///////|///////|   0   |
|               |///////|       |///////|///////|///////|       |
|        ------- -------         ------- ------- -------        |
|       |///////|///////|       |///////|///////|               |
|   0   |///////|///////|   0   |///////|///////|   0       0   |
|       |///////|///////|       |///////|///////|               |
|        ------- -------         ------- -------                |
|                                                               |
|   0       0       0       S       0       0       S       0   |
|                                                               |
|                -------                                        |
|               |///////|                                       |
|   0       0   |///////|   0       0       0       0       0   |
|               |///////|                                       |
 ------- ------- ------- ------- ------- ------- ------- ------- 

TURNO: 14
Butcher: Perímetro NO asegurado.
Frenchy: Disfraz recogido.
 ------- ------- ------- ------- ------- ------- ------- ------- 
|                                                               |
|   0       E       0       0       0       0       0       0   |
|                                                               |
|        -------                         ------- ------- -------|
|       |///////|                       |///////|///////|///////|
|   G   |///////|   0       0       S   |///////|///////|///////|
|       |///////|                       |///////|///////|///////|
|        -------                         ------- ------- -------|
|       |///////|                                               |
|   S   |///////|   0       S       0       0       0       0   |
|       |///////|                                               |
|        -------                                                |
|                                                               |
|   S       A       0       S       2       0       0       Z   |
|                                                               |
|                -------         ------- ------- -------        |
|               |///////|       |///////|///////|///////|       |
|   0       0   |///////|   0   |///////|///////|///////|   0   |
|               |///////|       |///////|///////|///////|       |
|        ------- -------         ------- ------- -------        |
|       |///////|///////|       |///////|///////|               |
|   0   |///////|///////|   0   |///////|///////|   0       0   |
|       |///////|///////|       |///////|///////|               |
|        ------- -------         ------- -------                |
|                                                               |
|   0       0       0       0       S       0       0       S   |
|                                                               |
|                -------                                        |
|               |///////|                                       |
|   0       0   |///////|   0       0       0       0       0   |
|               |///////|                                       |
 ------- ------- ------- ------- ------- ------- ------- ------- 

TURNO: 15
Butcher: Perímetro NO asegurado.
Frenchy: ¡NO PUEDO! (S)
 ------- ------- ------- ------- ------- ------- ------- ------- 
|                                                               |
|   G       E       0       0       S       0       0       0   |
|                                                               |
|        -------                         ------- ------- -------|
|       |///////|                       |///////|///////|///////|
|   S   |///////|   0       0       0   |///////|///////|///////|
|       |///////|                       |///////|///////|///////|
|        -------                         ------- ------- -------|
|       |///////|                                               |
|   S   |///////|   0       0       0       0       0       0   |
|       |///////|                                               |
|        -------                                                |
|                                                               |
|   0       A       0       2       S       G       0       0   |
|                                                               |
|                -------         ------- ------- -------        |
|               |///////|       |///////|///////|///////|       |
|   0       0   |///////|   0   |///////|///////|///////|   Z   |
|               |///////|       |///////|///////|///////|       |
|        ------- -------         ------- ------- -------        |
|       |///////|///////|       |///////|///////|               |
|   0   |///////|///////|   0   |///////|///////|   0       S   |
|       |///////|///////|       |///////|///////|               |
|        ------- -------         ------- -------                |
|                                                               |
|   0       0       0       0       0       0       0       0   |
|                                                               |
|                -------                                        |
|               |///////|                                       |
|   0       0   |///////|   0       S       0       0       0   |
|               |///////|                                       |
 ------- ------- ------- ------- ------- ------- ------- ------- 

TURNO: 16
Fireman: Perímetro NO asegurado.
 ------- ------- ------- ------- ------- ------- ------- ------- 
|                                                               |
|   S       0       E       0       0       S       0       0   |
|                                                               |
|        -------                         ------- ------- -------|
|       |///////|                       |///////|///////|///////|
|   2   |///////|   0       0       0   |///////|///////|///////|
|       |///////|                       |///////|///////|///////|
|        -------                         ------- ------- -------|
|       |///////|                                               |
|   0   |///////|   0       0       0       0       0       0   |
|       |///////|                                               |
|        -------                                                |
|                                                               |
|   A       0       0       0       S       S       G       0   |
|                                                               |
|                -------         ------- ------- -------        |
|               |///////|       |///////|///////|///////|       |
|   0       0   |///////|   G   |///////|///////|///////|   Z   |
|               |///////|       |///////|///////|///////|       |
|        ------- -------         ------- ------- -------        |
|       |///////|///////|       |///////|///////|               |
|   0   |///////|///////|   0   |///////|///////|   S       0   |
|       |///////|///////|       |///////|///////|               |
|        ------- -------         ------- -------                |
|                                                               |
|   0       0       0       0       0       0       0       0   |
|                                                               |
|                -------                                        |
|               |///////|                                       |
|   0       0   |///////|   S       0       0       0       0   |
|               |///////|                                       |
 ------- ------- ------- ------- ------- ------- ------- ------- 

TURNO: 17
 ------- ------- ------- ------- ------- ------- ------- ------- 
|                                                               |
|   S       0       0       E       S       0       0       0   |
|                                                               |
|        -------                         ------- ------- -------|
|       |///////|                       |///////|///////|///////|
|   S   |///////|   0       0       0   |///////|///////|///////|
|       |///////|                       |///////|///////|///////|
|        -------                         ------- ------- -------|
|       |///////|                                               |
|   G   |///////|   0       0       0       0       0       0   |
|       |///////|                                               |
|        -------                                                |
|                                                               |
|   0       A       0       0       0       S       S       G   |
|                                                               |
|                -------         ------- ------- -------        |
|               |///////|       |///////|///////|///////|       |
|   0       0   |///////|   0   |///////|///////|///////|   0   |
|               |///////|       |///////|///////|///////|       |
|        ------- -------         ------- ------- -------        |
|       |///////|///////|       |///////|///////|               |
|   0   |///////|///////|   G   |///////|///////|   0       Z   |
|       |///////|///////|       |///////|///////|               |
|        ------- -------         ------- -------                |
|                                                               |
|   0       0       0       S       0       0       S       0   |
|                                                               |
|                -------                                        |
|               |///////|                                       |
|   0       0   |///////|   0       0       0       0       0   |
|               |///////|                                       |
 ------- ------- ------- ------- ------- ------- ------- ------- 

TURNO: 18
 ------- ------- ------- ------- ------- ------- ------- ------- 
|                                                               |
|   0       0       0       0       E       0       0       0   |
|                                                               |
|        -------                         ------- ------- -------|
|       |///////|                       |///////|///////|///////|
|   S   |///////|   0       0       S   |///////|///////|///////|
|       |///////|                       |///////|///////|///////|
|        -------                         ------- ------- -------|
|       |///////|                                               |
|   S   |///////|   0       0       0       0       0       G   |
|       |///////|                                               |
|        -------                                                |
|                                                               |
|   G       0       0       0       0       0       S       S   |
|                                                               |
|                -------         ------- ------- -------        |
|               |///////|       |///////|///////|///////|       |
|   0       A   |///////|   0   |///////|///////|///////|   0   |
|               |///////|       |///////|///////|///////|       |
|        ------- -------         ------- ------- -------        |
|       |///////|///////|       |///////|///////|               |
|   0   |///////|///////|   0   |///////|///////|   Z       0   |
|       |///////|///////|       |///////|///////|               |
|        ------- -------         ------- -------                |
|                                                               |
|   0       0       S       G       0       0       0       S   |
|                                                               |
|                -------                                        |
|               |///////|                                       |
|   0       0   |///////|   0       0       0       0       0   |
|               |///////|                                       |
 ------- ------- ------- ------- ------- ------- ------- ------- 

TURNO: 19
 ------- ------- ------- ------- ------- ------- ------- ------- 
|                                                               |
|   0       0       0       0       0       0       0       0   |
|                                                               |
|        -------                         ------- ------- -------|
|       |///////|                       |///////|///////|///////|
|   0   |///////|   0       0       E   |///////|///////|///////|
|       |///////|                       |///////|///////|///////|
|        -------                         ------- ------- -------|
|       |///////|                                               |
|   2   |///////|   0       0       S       0       G       S   |
|       |///////|                                               |
|        -------                                                |
|                                                               |
|   S       0       0       0       0       0       0       S   |
|                                                               |
|                -------         ------- ------- -------        |
|               |///////|       |///////|///////|///////|       |
|   A       0   |///////|   0   |///////|///////|///////|   0   |
|               |///////|       |///////|///////|///////|       |
|        ------- -------         ------- ------- -------        |
|       |///////|///////|       |///////|///////|               |
|   0   |///////|///////|   0   |///////|///////|   0       S   |
|       |///////|///////|       |///////|///////|               |
|        ------- -------         ------- -------                |
|                                                               |
|   0       S       0       0       G       0       Z       0   |
|                                                               |
|                -------                                        |
|               |///////|                                       |
|   0       0   |///////|   0       0       0       0       0   |
|               |///////|                                       |
 ------- ------- ------- ------- ------- ------- ------- ------- 

TURNO: 20
 ------- ------- ------- ------- ------- ------- ------- ------- 
|                                                               |
|   0       0       0       0       0       0       0       0   |
|                                                               |
|        -------                         ------- ------- -------|
|       |///////|                       |///////|///////|///////|
|   G   |///////|   0       0       0   |///////|///////|///////|
|       |///////|                       |///////|///////|///////|
|        -------                         ------- ------- -------|
|       |///////|                                               |
|   S   |///////|   0       0       E       2       S       S   |
|       |///////|                                               |
|        -------                                                |
|                                                               |
|   S       0       0       0       0       0       0       0   |
|                                                               |
|                -------         ------- ------- -------        |
|               |///////|       |///////|///////|///////|       |
|   0       0   |///////|   0   |///////|///////|///////|   0   |
|               |///////|       |///////|///////|///////|       |
|        ------- -------         ------- ------- -------        |
|       |///////|///////|       |///////|///////|               |
|   A   |///////|///////|   0   |///////|///////|   S       0   |
|       |///////|///////|       |///////|///////|               |
|        ------- -------         ------- -------                |
|                                                               |
|   0       0       0       0       0       G       0       Z   |
|                                                               |
|                -------                                        |
|               |///////|                                       |
|   0       S   |///////|   0       0       0       0       0   |
|               |///////|                                       |
 ------- ------- ------- ------- ------- ------- ------- ------- 

TURNO: 21
Frenchy: ¡ENGAÑADO!
 ------- ------- ------- ------- ------- ------- ------- ------- 
|                                                               |
|   G       0       0       0       0       0       0       0   |
|                                                               |
|        -------                         ------- ------- -------|
|       |///////|                       |///////|///////|///////|
|   S   |///////|   0       0       0   |///////|///////|///////|
|       |///////|                       |///////|///////|///////|
|        -------                         ------- ------- -------|
|       |///////|                                               |
|   S   |///////|   0       0       2       2       S       0   |
|       |///////|                                               |
|        -------                                                |
|                                                               |
|   0       0       0       0       0       0       0       0   |
|                                                               |
|                -------         ------- ------- -------        |
|               |///////|       |///////|///////|///////|       |
|   0       0   |///////|   0   |///////|///////|///////|   0   |
|               |///////|       |///////|///////|///////|       |
|        ------- -------         ------- ------- -------        |
|       |///////|///////|       |///////|///////|               |
|   0   |///////|///////|   0   |///////|///////|   0       0   |
|       |///////|///////|       |///////|///////|               |
|        ------- -------         ------- -------                |
|                                                               |
|   A       S       0       0       0       0       2       0   |
|                                                               |
|                -------                                        |
|               |///////|                                       |
|   0       0   |///////|   0       0       0       0       Z   |
|               |///////|                                       |
 ------- ------- ------- ------- ------- ------- ------- ------- 

TURNO: 22
Butcher: Perímetro NO asegurado.
Fireman está en punto de encuentro.
 ------- ------- ------- ------- ------- ------- ------- ------- 
|                                                               |
|   S       0       0       0       0       0       0       0   |
|                                                               |
|        -------                         ------- ------- -------|
|       |///////|                       |///////|///////|///////|
|   2   |///////|   0       0       S   |///////|///////|///////|
|       |///////|                       |///////|///////|///////|
|        -------                         ------- ------- -------|
|       |///////|                                               |
|   0   |///////|   0       G       S       S       E       0   |
|       |///////|                                               |
|        -------                                                |
|                                                               |
|   0       0       0       0       0       0       0       0   |
|                                                               |
|                -------         ------- ------- -------        |
|               |///////|       |///////|///////|///////|       |
|   0       0   |///////|   0   |///////|///////|///////|   0   |
|               |///////|       |///////|///////|///////|       |
|        ------- -------         ------- ------- -------        |
|       |///////|///////|       |///////|///////|               |
|   0   |///////|///////|   0   |///////|///////|   G       0   |
|       |///////|///////|       |///////|///////|               |
|        ------- -------         ------- -------                |
|                                                               |
|   A       0       S       0       0       0       0       S   |
|                                                               |
|                -------                                        |
|               |///////|                                       |
|   0       0   |///////|   0       0       0       0       Z   |
|               |///////|                                       |
 ------- ------- ------- ------- ------- ------- ------- ------- 

TURNO: 23
Fireman está en punto de encuentro.
Adolf: ¡NO PUEDO! (N)
 ------- ------- ------- ------- ------- ------- ------- ------- 
|                                                               |
|   S       0       0       0       S       0       0       0   |
|                                                               |
|        -------                         ------- ------- -------|
|       |///////|                       |///////|///////|///////|
|   S   |///////|   0       0       0   |///////|///////|///////|
|       |///////|                       |///////|///////|///////|
|        -------                         ------- ------- -------|
|       |///////|                                               |
|   G   |///////|   0       S       S       0       0       0   |
|       |///////|                                               |
|        -------                                                |
|                                                               |
|   0       0       0       G       0       0       E       0   |
|                                                               |
|                -------         ------- ------- -------        |
|               |///////|       |///////|///////|///////|       |
|   0       0   |///////|   0   |///////|///////|///////|   0   |
|               |///////|       |///////|///////|///////|       |
|        ------- -------         ------- ------- -------        |
|       |///////|///////|       |///////|///////|               |
|   0   |///////|///////|   0   |///////|///////|   G       S   |
|       |///////|///////|       |///////|///////|               |
|        ------- -------         ------- -------                |
|                                                               |
|   0       A       0       S       0       0       0       0   |
|                                                               |
|                -------                                        |
|               |///////|                                       |
|   0       0   |///////|   0       0       0       0       Z   |
|               |///////|                                       |
 ------- ------- ------- ------- ------- ------- ------- ------- 

TURNO: 24
Fireman está en punto de encuentro.
 ------- ------- ------- ------- ------- ------- ------- ------- 
|                                                               |
|   0       0       0       0       0       S       0       0   |
|                                                               |
|        -------                         ------- ------- -------|
|       |///////|                       |///////|///////|///////|
|   S   |///////|   0       0       0   |///////|///////|///////|
|       |///////|                       |///////|///////|///////|
|        -------                         ------- ------- -------|
|       |///////|                                               |
|   S   |///////|   0       S       0       0       0       0   |
|       |///////|                                               |
|        -------                                                |
|                                                               |
|   G       0       0       S       G       0       0       E   |
|                                                               |
|                -------         ------- ------- -------        |
|               |///////|       |///////|///////|///////|       |
|   0       0   |///////|   0   |///////|///////|///////|   0   |
|               |///////|       |///////|///////|///////|       |
|        ------- -------         ------- ------- -------        |
|       |///////|///////|       |///////|///////|               |
|   0   |///////|///////|   0   |///////|///////|   S       G   |
|       |///////|///////|       |///////|///////|               |
|        ------- -------         ------- -------                |
|                                                               |
|   0       0       A       0       S       0       0       0   |
|                                                               |
|                -------                                        |
|               |///////|                                       |
|   0       0   |///////|   0       0       0       0       Z   |
|               |///////|                                       |
 ------- ------- ------- ------- ------- ------- ------- ------- 

TURNO: 25
Fireman está en punto de encuentro.
Frenchy: ¡ENGAÑADO!
 ------- ------- ------- ------- ------- ------- ------- ------- 
|                                                               |
|   0       0       0       0       S       0       0       0   |
|                                                               |
|        -------                         ------- ------- -------|
|       |///////|                       |///////|///////|///////|
|   0   |///////|   0       0       0   |///////|///////|///////|
|       |///////|                       |///////|///////|///////|
|        -------                         ------- ------- -------|
|       |///////|                                               |
|   2   |///////|   0       0       0       0       0       0   |
|       |///////|                                               |
|        -------                                                |
|                                                               |
|   S       0       0       S       S       G       0       0   |
|                                                               |
|                -------         ------- ------- -------        |
|               |///////|       |///////|///////|///////|       |
|   0       0   |///////|   0   |///////|///////|///////|   2   |
|               |///////|       |///////|///////|///////|       |
|        ------- -------         ------- ------- -------        |
|       |///////|///////|       |///////|///////|               |
|   0   |///////|///////|   0   |///////|///////|   0       0   |
|       |///////|///////|       |///////|///////|               |
|        ------- -------         ------- -------                |
|                                                               |
|   0       0       0       A       0       0       S       0   |
|                                                               |
|                -------                                        |
|               |///////|                                       |
|   0       0   |///////|   0       S       0       0       Z   |
|               |///////|                                       |
 ------- ------- ------- ------- ------- ------- ------- ------- 

TURNO: 26
Fireman está en punto de encuentro.
 ------- ------- ------- ------- ------- ------- ------- ------- 
|                                                               |
|   0       0       0       0       0       0       0       0   |
|                                                               |
|        -------                         ------- ------- -------|
|       |///////|                       |///////|///////|///////|
|   G   |///////|   0       0       S   |///////|///////|///////|
|       |///////|                       |///////|///////|///////|
|        -------                         ------- ------- -------|
|       |///////|                                               |
|   S   |///////|   0       0       0       0       0       0   |
|       |///////|                                               |
|        -------                                                |
|                                                               |
|   S       0       0       0       S       S       G       G   |
|                                                               |
|                -------         ------- ------- -------        |
|               |///////|       |///////|///////|///////|       |
|   0       0   |///////|   0   |///////|///////|///////|   0   |
|               |///////|       |///////|///////|///////|       |
|        ------- -------         ------- ------- -------        |
|       |///////|///////|       |///////|///////|               |
|   0   |///////|///////|   0   |///////|///////|   0       E   |
|       |///////|///////|       |///////|///////|               |
|        ------- -------         ------- -------                |
|                                                               |
|   0       0       0       0       A       0       0       S   |
|                                                               |
|                -------                                        |
|               |///////|                                       |
|   0       0   |///////|   S       0       0       0       Z   |
|               |///////|                                       |
 ------- ------- ------- ------- ------- ------- ------- ------- 

TURNO: 27
Fireman está en punto de encuentro.
 ------- ------- ------- ------- ------- ------- ------- ------- 
|                                                               |
|   G       0       0       0       0       0       0       0   |
|                                                               |
|        -------                         ------- ------- -------|
|       |///////|                       |///////|///////|///////|
|   S   |///////|   0       0       0   |///////|///////|///////|
|       |///////|                       |///////|///////|///////|
|        -------                         ------- ------- -------|
|       |///////|                                               |
|   S   |///////|   0       0       S       0       0       0   |
|       |///////|                                               |
|        -------                                                |
|                                                               |
|   0       0       0       0       0       S       2       G   |
|                                                               |
|                -------         ------- ------- -------        |
|               |///////|       |///////|///////|///////|       |
|   0       0   |///////|   0   |///////|///////|///////|   0   |
|               |///////|       |///////|///////|///////|       |
|        ------- -------         ------- ------- -------        |
|       |///////|///////|       |///////|///////|               |
|   0   |///////|///////|   0   |///////|///////|   0       S   |
|       |///////|///////|       |///////|///////|               |
|        ------- -------         ------- -------                |
|                                                               |
|   0       0       0       S       0       A       0       E   |
|                                                               |
|                -------                                        |
|               |///////|                                       |
|   0       0   |///////|   0       0       0       0       Z   |
|               |///////|                                       |
 ------- ------- ------- ------- ------- ------- ------- ------- 

TURNO: 28
Fireman está en punto de encuentro.
 ------- ------- ------- ------- ------- ------- ------- ------- 
|                                                               |
|   S       0       0       0       0       0       0       0   |
|                                                               |
|        -------                         ------- ------- -------|
|       |///////|                       |///////|///////|///////|
|   2   |///////|   0       0       0   |///////|///////|///////|
|       |///////|                       |///////|///////|///////|
|        -------                         ------- ------- -------|
|       |///////|                                               |
|   0   |///////|   0       0       0       S       0       G   |
|       |///////|                                               |
|        -------                                                |
|                                                               |
|   0       0       0       0       0       G       S       S   |
|                                                               |
|                -------         ------- ------- -------        |
|               |///////|       |///////|///////|///////|       |
|   0       0   |///////|   0   |///////|///////|///////|   0   |
|               |///////|       |///////|///////|///////|       |
|        ------- -------         ------- ------- -------        |
|       |///////|///////|       |///////|///////|               |
|   0   |///////|///////|   0   |///////|///////|   S       0   |
|       |///////|///////|       |///////|///////|               |
|        ------- -------         ------- -------                |
|                                                               |
|   0       0       S       0       0       0       A       0   |
|                                                               |
|                -------                                        |
|               |///////|                                       |
|   0       0   |///////|   0       0       0       0       2   |
|               |///////|                                       |
 ------- ------- ------- ------- ------- ------- ------- ------- 

TURNO: 29
Fireman está en punto de encuentro.
Frenchy está en punto de encuentro.
 ------- ------- ------- ------- ------- ------- ------- ------- 
|                                                               |
|   S       0       0       0       0       0       0       0   |
|                                                               |
|        -------                         ------- ------- -------|
|       |///////|                       |///////|///////|///////|
|   S   |///////|   0       0       0   |///////|///////|///////|
|       |///////|                       |///////|///////|///////|
|        -------                         ------- ------- -------|
|       |///////|                                               |
|   G   |///////|   0       0       S       0       G       S   |
|       |///////|                                               |
|        -------                                                |
|                                                               |
|   0       0       0       0       G       0       0       S   |
|                                                               |
|                -------         ------- ------- -------        |
|               |///////|       |///////|///////|///////|       |
|   0       0   |